[debug] [2025-11-25T22:22:00.462Z] ----------------------------------------------------------------------
[debug] [2025-11-25T22:22:00.468Z] Command:       C:\Program Files\nodejs\node.exe C:\Users\DELL\AppData\Roaming\npm\node_modules\firebase-tools\lib\bin\firebase.js init
[debug] [2025-11-25T22:22:00.469Z] CLI Version:   14.26.0
[debug] [2025-11-25T22:22:00.470Z] Platform:      win32
[debug] [2025-11-25T22:22:00.470Z] Node Version:  v22.20.0
[debug] [2025-11-25T22:22:00.471Z] Time:          Tue Nov 25 2025 23:22:00 GMT+0100 (heure normale d’Afrique de l’Ouest)
[debug] [2025-11-25T22:22:00.471Z] ----------------------------------------------------------------------
[debug] 
[info] 
     ######## #### ########  ######## ########     ###     ######  ########
     ##        ##  ##     ## ##       ##     ##  ##   ##  ##       ##
     ######    ##  ########  ######   ########  #########  ######  ######
     ##        ##  ##    ##  ##       ##     ## ##     ##       ## ##
     ##       #### ##     ## ######## ########  ##     ##  ######  ########

You're about to initialize a Firebase project in this directory:

  C:\Users\DELL

Before we get started, keep in mind:

  * You are initializing within an existing Firebase project directory

[info] 
=== Project Setup
[info] 
[info] First, let's associate this project directory with a Firebase project.
[info] You can create multiple project aliases by running firebase use --add, 
[info] 
[debug] [2025-11-25T22:23:31.927Z] > command requires scopes: ["email","openid","https://www.googleapis.com/auth/cloudplatformprojects.readonly","https://www.googleapis.com/auth/firebase","https://www.googleapis.com/auth/cloud-platform"]
[debug] [2025-11-25T22:23:31.927Z] > authorizing via signed-in user (dollarmohammed36@gmail.com)
[debug] [2025-11-25T22:23:31.929Z] Checked if tokens are valid: true, expires at: 1764110614922
[debug] [2025-11-25T22:23:31.929Z] Checked if tokens are valid: true, expires at: 1764110614922
[debug] [2025-11-25T22:23:31.931Z] >>> [apiv2][query] GET https://firebase.googleapis.com/v1beta1/projects/cofadare-399b9 [none]
[debug] [2025-11-25T22:23:56.970Z] *** [apiv2] error from fetch(https://firebase.googleapis.com/v1beta1/projects/cofadare-399b9, {"headers":{},"method":"GET","signal":{"reason":""}}): FetchError: request to https://firebase.googleapis.com/v1beta1/projects/cofadare-399b9 failed, reason: 
[debug] [2025-11-25T22:23:56.971Z] Failed to make request to https://firebase.googleapis.com/v1beta1/projects/cofadare-399b9 (original: request to https://firebase.googleapis.com/v1beta1/projects/cofadare-399b9 failed, reason: )
[debug] [2025-11-25T22:24:01.989Z] Error: Timed out.
    at Timeout._onTimeout (C:\Users\DELL\AppData\Roaming\npm\node_modules\firebase-tools\lib\utils.js:275:49)
    at listOnTimeout (node:internal/timers:588:17)
    at process.processTimers (node:internal/timers:523:7)
[error] 
[error] Error: An unexpected error has occurred.
